Testing for Birthdate: 1996-03-22 00:00:00, Sex: 女性, MBTI: ENFJ
从宝石关键词对应表中获取三个关键词及其解释：
- 根据宝石名称，ENFJ的女性对应的宝石为“绿松石”，其三个关键词为：理想、和平、慈悲。

生成输出：
宝石: [绿松石]
关键词1: [理想] - 解释: 此八字中，日主戊土生于卯月，木气渐旺。天上火之纳音，火势炎炎，增添活力。命主具理想之特质，如春日暖阳，充满希望与憧憬，能在人生道路上坚定追求心中之梦想。
关键词2: [和平] - 解释: 戊土之性，稳重厚实。八字中丙辛合，子丑合，有和谐之象。命主心怀和平之念，处世温和，能以和为贵，化解纷争，营造和谐之氛围，使生活充满安宁与美好。
关键词3: [慈悲] - 解释: 戊午日生者，心地善良。辛卯月之木气，赋予命主慈悲之心。如春风化雨，关爱他人，乐于助人，以慈悲之怀面对世间万物，广结善缘，福泽深厚。 Testing for Birthdate: 1972-06-01 00:00:00, Sex: 女性, MBTI: ISTJ
从宝石关键词对应表中获取三个关键词及其解释：
- 选定的宝石为“翡翠”，其三个关键词为：平衡、责任、守护。
  - 关键词1: “平衡” - 解释: 此八字中，壬子水旺，乙巳木火相生，癸亥水助身，己未土制水。五行相互制约，体现出一种平衡之态。命主如翡翠之平衡，能在生活中妥善处理各种关系，保持内心的平静与和谐。
  - 关键词2: “责任” - 解释: 纳音为大海水，水势浩大，象征着命主有着广阔的胸怀和承担责任的能力。在家庭与事业中，命主会以认真负责的态度，履行自己的职责，为身边的人带来安定和依靠。
  - 关键词3: “守护” - 解释: 八字中五行俱全，命主具备守护自己和他人的力量。如同翡翠的守护之意，命主能够守护自己的幸福，也能为家人和朋友提供支持和保护，使生活安稳顺遂。 Testing for Birthdate: 1978-12-24 00:00:00, Sex: 男性, MBTI: ISTP
从宝石关键词对应表中获取三个关键词及其解释：
- 选定的宝石为“黄水晶”，其三个关键词为：活力、探索、灵活。

宝石: [黄水晶]
关键词1: [活力] - 解释: [君之八字戊午 甲子 庚申 乙酉，纳音石榴木。庚申日生者，颇具坚毅之性。石榴木之纳音，蕴含生机。活力之于君，如木之生长，能助君积极面对生活诸般事务，充满朝气与动力。]
关键词2: [探索] - 解释: [八字中庚申之金，坚实而有力。然人生之路，需不断探索以求进。此探索之精神，如金之光芒，能引领君在未知领域中寻求真理，开拓新境，不断丰富人生之阅历。]
关键词3: [灵活] - 解释: [君之命局，五行俱全，需以灵活之态度应对世事变化。如水流之婉转，顺势而为。灵活之性，可使君在困境中巧妙周旋，逢凶化吉，把握机遇，成就非凡人生。] Testing for Birthdate: 1993-06-06 00:00:00, Sex: 男性, MBTI: INFJ
从宝石关键词对应表中获取三个关键词及其解释：
- 宝石名称为“海蓝石”，其对应的三个关键词为：洞察、慈悲、创造。
- 关键词1：洞察 - 解释：君之八字，戊土生于午月，火势炎炎，庚申金泄秀。纳音天上火，炎上之象。此般格局，需具洞察之能，方能明辨是非，把握机遇。如《滴天髓》云：“戊土固重，既中且正。静翕动辟，万物司命。”君当以洞察之力，洞悉世事之变。
- 关键词2：慈悲 - 解释：八字中戊土厚重，有承载万物之象，天上火亦有热情温暖之意。君当怀慈悲之心，关爱他人，以己之力，助他人之需。如此，可积善德，福泽深厚。正如《易经》所言：“积善之家，必有余庆。”
- 关键词3：创造 - 解释：君之命局，火势与金气相辅，有独特之气象。当以创造之思维，开拓进取，勇于创新。在事业上，能独辟蹊径，开创一番新局面。此乃顺应天时，发挥自身潜能之法，定能有所成就。 Testing for Birthdate: 1978-05-18 00:00:00, Sex: 女性, MBTI: ENFJ
从宝石关键词对应表中获取三个关键词及其解释：
- 宝石名称为“绿松石”，其三个关键词为：理想、和平、慈悲。
  - 宝石：绿松石
    - 关键词 1：理想 - 解释：此八字中，日主庚金生于巳月，火旺之月，庚金受克。然纳音白蜡金，亦有坚韧之性。命主具理想之追求，如庚金之坚毅，虽处困境，仍心怀高远之理想。
    - 关键词 2：和平 - 解释：八字中火势较旺，午火两现，火气炎炎。然辰土可晦火，使火势稍缓，呈和平之象。命主性格温和，善于协调各方关系，追求和平之境。
    - 关键词 3：慈悲 - 解释：庚金日主，性刚直。但八字中官杀混杂，亦显命主内心之柔软与慈悲。如绿松石之温润，对他人富有同情心，乐于施善助人。 Testing for Birthdate: 1993-06-21 00:00:00, Sex: 女性, MBTI: ENTJ
从宝石关键词对应表中获取三个关键词及其解释：
- 根据宝石名称，您对应的宝石为“紫珍珠”，其三个关键词为：智慧、共鸣、平衡。

宝石: 紫珍珠
关键词1: 智慧 - 解释: 您八字中癸酉日生，午月火旺，辰时土厚。剑锋金之纳音，刚锐不凡。此般命格，智慧之光闪耀。如《易经》所云：“天行健，君子以自强不息。”您具聪慧之质，能洞察世事，明智抉择。
关键词2: 共鸣 - 解释: 午火之月，热情洋溢，癸酉日柱，金水相生，富有灵性。纳音剑锋金，犀利而独特。您能与他人心灵相通，产生共鸣，理解他人之情感与需求，和谐共处。
关键词3: 平衡 - 解释: 八字中五行俱全，火土金水相互制约，趋于平衡。辰时之土，稳固根基。剑锋金之刚，需水之柔以调和。您懂得在生活中寻求平衡，处理事务得当，使各方面得以协调发展。Testing for Birthdate: 1976-02-19 00:00:00, Sex: 男性, MBTI: ISTJ
从宝石关键词对应表中获取三个关键词及其解释：
- 宝石名称为“祖母绿”，对应的三个关键词为：成长、承诺、坚韧。
  - 关键词1: “成长” - 解释：君之八字，丙辰庚寅壬寅庚子，纳音金箔金。壬水生于寅月，食神泄秀，然庚金生水，助力亦存。此般格局，预示着君具成长之潜力。如树木之生长，需历经风雨，方能茁壮，君亦当在生活中不断积累经验，实现自我成长。
  - 关键词2: “承诺” - 解释：八字中丙火为财，寅木为食神，财食相生，寓意君有一定之财运与福泽。然财之获取，需以承诺为基。承诺如金石，坚定不移，方可聚财守业，成就一番事业。
  - 关键词3: “坚韧” - 解释：壬寅日主，水生于木，虽有泄气之嫌，却亦显柔韧之性。加之庚金生水，助其力量。此象暗示君当具坚韧之品质，面对困难与挑战，不屈不挠，如松柏之坚韧，方能在人生道路上稳步前行。 Testing for Birthdate: 1998-05-12 00:00:00, Sex: 男性, MBTI: ESFJ
从宝石关键词对应表中获取三个关键词及其解释：
- 根据宝石名称“祖母绿”，查找对应的三个关键词为：成长、承诺、坚韧。

宝石: 祖母绿
关键词1: 成长 - 解释: 汝之八字，戊寅年生，天上火命。戊土生于巳月，火旺土相。此八字中，火土两旺，需有水来调候。而成长之意义，在于汝能在这般命局中，不断汲取经验，如树木扎根于土，顺应天时，稳健成长。
关键词2: 承诺 - 解释: 己未日生者，为人稳重。以承诺为关键词，意在提醒汝，在人生之路上，应秉持诚信之原则，言出必行。如大地之承载万物，坚守自己的诺言，方能赢得他人之信任，成就一番事业。
关键词3: 坚韧 - 解释: 汝之命局火土旺盛，虽有挑战，然坚韧之品质可助汝克服困难。如同岩石在烈火中锤炼，愈发坚固。在面对生活中的挫折时，保持坚韧之心，不屈不挠，终能迎来转机，实现人生之价值。 Testing for Birthdate: 1977-10-06 00:00:00, Sex: 女性, MBTI: ENFJ
从宝石关键词对应表中获取三个关键词及其解释：
- 宝石名称为“绿松石”，其三个关键词为：理想、和平、慈悲。
  - 宝石：绿松石
    - 关键词1：理想 - 解释：坤造之命，生于丁巳年，山下火之纳音。丙火日主，生于酉月，火势渐弱。然此造命局中土金较旺，需火助之。其理想之光，如灯火之明，虽处困境，亦能坚守心中之理想，追求高远目标。
    - 关键词2：和平 - 解释：八字中五行相对平衡，虽有土金之强，但火亦有其位。此命主性格平和，处世以和为贵，能在纷繁世事中保持内心的平静，营造和谐之氛围，为周围带来安宁与和平。
    - 关键词3：慈悲 - 解释：命主心地善良，富有慈悲之心。如《易经》所云：“积善之家，必有余庆。”此命主之慈悲，能广结善缘，乐于助人，积累善德，从而为自己的人生带来更多的福祉和好运。Testing for Birthdate: 1972-02-19 00:00:00, Sex: 男性, MBTI: ENTJ
从宝石关键词对应表中获取三个关键词及其解释：
- 堇青石：智慧 清晰 忠诚
    - 宝石: 堇青石
    - 关键词1: 智慧 - 解释: 汝之八字壬子壬寅庚辰己卯，纳音白蜡金。庚金生于寅月，壬水透干，水旺泄金之气。然ENTJ之性，具领导之能，堇青石之智慧，可助汝在繁杂事务中明辨是非，做出明智之决策。
    - 关键词2: 清晰 - 解释: 八字中五行之气流转，虽有泄耗，却也有土生金之象。堇青石之清晰特质，能使汝在面对诸多选择时，思路清晰，不为外物所扰，坚定前行。
    - 关键词3: 忠诚 - 解释: 汝命中水旺，需土制水。堇青石之忠诚品质，可助汝在事业与人际关系中，保持忠诚之心，赢得他人之信任，从而成就一番事业。 