begin
###########################
Testing for Birthdate: 1972-03-15 00:00:00, Sex: 男性, MBTI: ISTP
从宝石关键词对应表中获取三个关键词及其解释：
- 选定的宝石为“黄水晶”，其三个关键词为：活力、探索、灵活。
- 关键词1: “活力” - 解释：汝之八字壬子 癸卯 乙巳 庚辰，纳音为覆灯火。火之特性，富有活力。此命局中，水木相生，然火亦能助其生机。活力之象，如春日暖阳，生机勃勃，助汝在事业与生活中充满干劲。
- 关键词2: “探索” - 解释：乙巳日生者，具探索精神。命局中水木之气旺盛，宜积极探索新领域。如易经所言：“天行健，君子以自强不息。”探索未知，可使汝不断开拓，丰富人生阅历，在学业与事业上取得进步。
- 关键词3: “灵活” - 解释：庚辰时柱，土金之象。土能制水，金能生水，此中变化，需汝以灵活之态度应对。在生活中，灵活处事，可化解诸多难题，使财运亨通，婚姻和谐，健康顺遂，子女教育亦能得心应手。 end
###########################
begin
###########################
Testing for Birthdate: 1981-09-17 00:00:00, Sex: 女性, MBTI: INFP
从宝石关键词对应表中获取三个关键词及其解释：
- 宝石为“绿松石”，其三个关键词为：理想、和平、慈悲。

宝石: [绿松石]
关键词1: [理想] - 解释: [此八字中，戊土生于酉月，年柱辛酉，月柱丁酉，伤官泄气较重。然日主戊土自坐戌土，时柱甲寅，七杀有制。纳音平地木，有向上生长之象。此般命理特征，预示着命主内心怀揣着远大理想，如木之向光生长，不断追求更高的境界。]
关键词2: [和平] - 解释: [八字中戊土日主，性情稳重，虽伤官透出，却有时柱甲寅七杀制衡，使其不至于过于冲动。平地木之纳音，也象征着温和与平静。命主在生活中，善于以平和的心态面对各种事物，营造和谐的氛围，如同维护着一片宁静的和平之地。]
关键词3: [慈悲] - 解释: [戊土日主，具有包容之性。伤官虽旺，却也体现出命主对他人的理解与同情。时柱甲寅七杀，使命主在面对问题时，能以坚定而又慈悲的心态去处理。纳音平地木，更增添了一份仁爱之心。命主心怀慈悲，乐于助人，广结善缘。] end
###########################
begin
###########################
Testing for Birthdate: 1993-10-04 00:00:00, Sex: 男性, MBTI: INTJ
从宝石关键词对应表中获取三个关键词及其解释：
- 堇青石：智慧、清晰、忠诚
    - 宝石：堇青石
    - 关键词1：智慧 - 解释：君之八字，戊土生于酉月，年柱癸酉，辛酉双金透出，然戊午日午时，火土有根。堇青石之智慧，于君而言，乃能在复杂局势中洞察事理，以明智之决策应对挑战。
    - 关键词2：清晰 - 解释：君之命局，五行流转，虽金旺而土有根，天上火之纳音，增添光明之势。堇青石之清晰，助君明晰目标，不为外界干扰所惑，坚定前行之路。
    - 关键词3：忠诚 - 解释：戊土之性，忠厚稳重。堇青石之忠诚，应君之品德，使其在事业与人际关系中，秉持忠诚之道，赢得他人之信任与尊重。 end
###########################
begin
###########################
Testing for Birthdate: 1982-10-09 00:00:00, Sex: 女性, MBTI: INTP
从宝石关键词对应表中获取三个关键词及其解释：
- 根据宝石名称，INTP类型的女性对应的宝石为紫珍珠，其三个关键词为智慧、共鸣、平衡。

宝石: 紫珍珠
关键词1: 智慧 - 解释: 此八字中，乙木生于戌月，虽不得令，然有亥水相生。海中金纳音，增添贵气。此女具智慧之质，能明事理，洞察世事，如紫珍珠般闪耀智慧之光。
关键词2: 共鸣 - 解释: 八字中五行俱全，为人性格较为平和。壬戌庚戌乙丑丁亥，各干支相互配合，使其易与他人产生情感共鸣，善解人意，如紫珍珠般能与人心灵相通。
关键词3: 平衡 - 解释: 乙木日主，需庚金修剪方能成才。此八字中庚金透出，且有丁火制之，五行相互制约，达到一种平衡之态。此女在生活中亦能把握各种关系的平衡，如紫珍珠般和谐美好。 end
###########################
begin
###########################
Testing for Birthdate: 1991-01-16 00:00:00, Sex: 女性, MBTI: ENFP
从宝石关键词对应表中获取三个关键词及其解释：
- 根据宝石名称，选定的宝石为“绿松石”，其三个关键词为：理想、和平、慈悲。

生成输出：
宝石: [绿松石]
关键词1: [理想] - 解释: 此八字中，丙火生于丑月，土气厚重。屋上土之纳音，亦显稳固。女士命中丙火，心怀理想之光，如冬日暖阳，虽处寒土之中，亦能坚守理想，追求高远目标。
关键词2: [和平] - 解释: 八字中土势强旺，然丙火之性，温和而明亮。此女心性平和，处世以和为贵，能在纷扰尘世中，营造和平之氛围，如春风化雨，润泽四方。
关键词3: [慈悲] - 解释: 庚午己丑丙戌戊戌之八字，火土相生，具包容之象。此女心地慈悲，善解人意，能以慈悲之心关爱他人，如佛前明灯，照亮他人前行之路。 end
###########################
begin
###########################
Testing for Birthdate: 1990-07-06 00:00:00, Sex: 男性, MBTI: ISFP
从宝石关键词对应表中获取三个关键词及其解释：
- 黄水晶：活力 ## 探索 ## 灵活
- 结合用户的八字和纳音，生成每个关键词的解释：
    - 宝石: 黄水晶
    - 关键词1: 活力 - 解释: 君之八字，壬午壬申，水火既济，然午火逢壬水，火势稍减，需活力以振之。纳音为剑锋金，锐利刚猛，活力之加持，可使君之气势更盛，积极面对生活之挑战。
    - 关键词2: 探索 - 解释: 壬申之水，源远流长，具探索之性。庚午壬午，火势炎炎，亦需探索新径以调和。剑锋金之纳音，示君当以探索之精神，开拓人生新途，不断追求进步。
    - 关键词3: 灵活 - 解释: 辛丑之土，可制壬水，然需灵活应对，以免过犹不及。八字中火水相济，形势多变，唯以灵活之姿，方能顺势而为，把握机遇。纳音剑锋金，亦需灵活运用其锐利，方可在人生道路上披荆斩棘。 end
###########################
begin
###########################
Testing for Birthdate: 1987-06-02 00:00:00, Sex: 男性, MBTI: ESFP
从宝石关键词对应表中获取三个关键词及其解释：
- 黄水晶：活力 ## 探索 ## 灵活
- 结合用户的八字和纳音，生成每个关键词的解释如下：
    - 宝石: 黄水晶
    - 关键词1: 活力 - 解释: 汝之八字，丁壬合木，卯木两现，木气旺盛，活力充盈。如春日之杨柳，生机勃勃。此活力助汝积极面对生活诸般事务，勇往直前。
    - 关键词2: 探索 - 解释: 壬午日生者，水火既济，内心富有探索精神。纳音为杨柳木，木性柔韧，象征着汝具备不断探索未知领域之潜力，勇于尝试新事物。
    - 关键词3: 灵活 - 解释: 八字中乙木透出，卯木为根，木性灵活。加之壬水日主，善于变通。此般灵活之性，使汝在面对各种情境时，能灵活应对，随机应变，化解难题，成就事业。 end
###########################
begin
###########################
Testing for Birthdate: 1981-12-09 00:00:00, Sex: 男性, MBTI: INFJ
从宝石关键词对应表中获取三个关键词及其解释：
- 宝石名称为“海蓝石”，对应的三个关键词为：洞察、慈悲、创造。
- 关键词1：洞察 - 解释：辛酉年石榴木命，木性坚韧，此八字中金气过旺，需木之调和。命主具洞察之能，能透过表象，洞悉事物本质，如木之扎根深入，洞察秋毫。
- 关键词2：慈悲 - 解释：八字中多金之象，虽刚硬锐利，但石榴木之性使其内心存有慈悲。如《易经》所云：“地势坤，君子以厚德载物。”命主能以慈悲之心待人接物，广结善缘。
- 关键词3：创造 - 解释：石榴木生机勃勃，富有创造力。命主在这金气弥漫的八字中，如木之破石而出，具备独特的创造力，能在困境中开创新局，成就非凡之事。

宝石: 海蓝石
关键词1: 洞察 - 解释: 辛酉庚子辛酉丁酉之八字，金气盛而木需调。命主具敏锐之洞察力，能如木之深根，透表及里，察事之细微，明其真相。
关键词2: 慈悲 - 解释: 八字金旺，然石榴木之性存于内，使命主心怀慈悲。似《易经》言：“积善之家，必有余庆。”其能以善念待人，广施恩惠，积德行善。
关键词3: 创造 - 解释: 石榴木具生机与活力，命主于此八字中，犹木之破岩，拥独特创造力。处困境时，能破旧立新，开创新途，达非凡之成就。 end
###########################
begin
###########################
Testing for Birthdate: 1987-08-03 00:00:00, Sex: 男性, MBTI: ESFP
从宝石关键词对应表中获取三个关键词及其解释：
- 黄水晶：活力 ## 探索 ## 灵活
- 结合用户的八字和纳音，生成每个关键词的解释如下：
    - 宝石: 黄水晶
    - 关键词1: 活力 - 解释: 君之八字，甲木生于未月，丁火透出，火势炎炎。然井泉水之纳音，有润泽之功，使木气不衰。此乃活力之象，示君精力充沛，积极向上。
    - 关键词2: 探索 - 解释: 甲申日之君，颇具进取之心。八字中木火相生，富有创造力与好奇心。探索之精神，助君在人生之途不断寻求新机遇，开拓新领域。
    - 关键词3: 灵活 - 君之八字，木火土水五行俱全，相互制衡。此象寓意君能随机应变，灵活应对生活中之各种变化与挑战，顺势而为，成就非凡。 end
###########################
begin
###########################
Testing for Birthdate: 1996-02-07 00:00:00, Sex: 女性, MBTI: ISTP
从宝石关键词对应表中获取三个关键词及其解释：
- 选定的宝石为“琥珀”，其三个关键词为：活力、探索、灵活。

宝石: 琥珀
关键词1: 活力 - 解释: 此八字乙亥年庚寅月甲戌日丙寅时，纳音为山头火，火势旺盛，充满活力。命主女性，八字中木气较旺，如春日之木，富有生机。琥珀之活力，正与此八字之旺盛气息相呼应，预示着命主具有积极向上的精神和充沛的能量。
关键词2: 探索 - 解释: 八字中木火相生，代表着命主具有勇于探索的精神。山头火之纳音，如同燃烧的火焰，不断向前蔓延，象征着对未知世界的渴望。琥珀之探索特性，将助力命主在人生道路上不断追求新的知识和经验，开拓自己的视野。
关键词3: 灵活 - 解释: 命主八字中木气旺，木性灵活，善于应变。寅木为禄，具有较强的适应能力。琥珀之灵活特质，与命主的八字特点相契合，意味着命主在面对各种情况时，能够灵活应对，巧妙化解难题，从而在事业、生活等方面取得良好的成果。 end
###########################
